[debug] [2025-07-13T10:34:30.270Z] ----------------------------------------------------------------------
[debug] [2025-07-13T10:34:30.272Z] Command:       C:\Program Files\nodejs\node.exe C:\Users\PMLS\AppData\Roaming\npm\node_modules\firebase-tools\lib\bin\firebase.js init hosting
[debug] [2025-07-13T10:34:30.273Z] CLI Version:   14.10.1
[debug] [2025-07-13T10:34:30.273Z] Platform:      win32
[debug] [2025-07-13T10:34:30.273Z] Node Version:  v22.11.0
[debug] [2025-07-13T10:34:30.273Z] Time:          Sun Jul 13 2025 15:34:30 GMT+0500 (Pakistan Standard Time)
[debug] [2025-07-13T10:34:30.273Z] ----------------------------------------------------------------------
[debug] 
[debug] [2025-07-13T10:34:30.283Z] > command requires scopes: ["email","openid","https://www.googleapis.com/auth/cloudplatformprojects.readonly","https://www.googleapis.com/auth/firebase","https://www.googleapis.com/auth/cloud-platform"]
[debug] [2025-07-13T10:34:30.284Z] > authorizing via signed-in user (emaannaseer599@gmail.com)
[info] 
     ######## #### ########  ######## ########     ###     ######  ########
     ##        ##  ##     ## ##       ##     ##  ##   ##  ##       ##
     ######    ##  ########  ######   ########  #########  ######  ######
     ##        ##  ##    ##  ##       ##     ## ##     ##       ## ##
     ##       #### ##     ## ######## ########  ##     ##  ######  ########

You're about to initialize a Firebase project in this directory:

  C:\Users\PMLS\Desktop\EVENT EASE

[info] 
=== Project Setup
[info] 
[info] First, let's associate this project directory with a Firebase project.
[info] You can create multiple project aliases by running firebase use --add, 
[info] but for now we'll just set up a default project.
[info] 
